[debug] [2020-09-08T19:46:37.063Z] ----------------------------------------------------------------------
[debug] [2020-09-08T19:46:37.066Z] Command:       C:\Program Files\nodejs\node.exe C:\Users\Polaris\AppData\Roaming\npm\node_modules\firebase-tools\lib\bin\firebase.js serve
[debug] [2020-09-08T19:46:37.066Z] CLI Version:   8.10.0
[debug] [2020-09-08T19:46:37.067Z] Platform:      win32
[debug] [2020-09-08T19:46:37.067Z] Node Version:  v14.9.0
[debug] [2020-09-08T19:46:37.068Z] Time:          Wed Sep 09 2020 04:46:37 GMT+0900 (대한민국 표준시)
[debug] [2020-09-08T19:46:37.068Z] ----------------------------------------------------------------------
[debug] [2020-09-08T19:46:37.068Z] 
[debug] [2020-09-08T19:46:37.076Z] > command requires scopes: ["email","openid","https://www.googleapis.com/auth/cloudplatformprojects.readonly","https://www.googleapis.com/auth/firebase","https://www.googleapis.com/auth/cloud-platform"]
[debug] [2020-09-08T19:46:37.077Z] > authorizing via signed-in user
[debug] [2020-09-08T19:46:37.077Z] [iam] checking project firereact-f2000 for permissions ["firebase.projects.get"]
[debug] [2020-09-08T19:46:37.082Z] > refreshing access token with scopes: ["email","https://www.googleapis.com/auth/cloud-platform","https://www.googleapis.com/auth/cloudplatformprojects.readonly","https://www.googleapis.com/auth/firebase","openid"]
[debug] [2020-09-08T19:46:37.082Z] >>> HTTP REQUEST POST https://www.googleapis.com/oauth2/v3/token  
 <request body omitted>
[debug] [2020-09-08T19:46:37.352Z] <<< HTTP RESPONSE 200 {"content-type":"application/json; charset=utf-8","vary":"X-Origin, Referer, Origin,Accept-Encoding","date":"Tue, 08 Sep 2020 19:46:35 GMT","server":"scaffolding on HTTPServer2","cache-control":"private","x-xss-protection":"0","x-frame-options":"SAMEORIGIN","x-content-type-options":"nosniff","alt-svc":"h3-29=\":443\"; ma=2592000,h3-27=\":443\"; ma=2592000,h3-T051=\":443\"; ma=2592000,h3-T050=\":443\"; ma=2592000,h3-Q050=\":443\"; ma=2592000,h3-Q046=\":443\"; ma=2592000,h3-Q043=\":443\"; ma=2592000,quic=\":443\"; ma=2592000; v=\"46,43\"","accept-ranges":"none","transfer-encoding":"chunked"}
[debug] [2020-09-08T19:46:37.374Z] >>> HTTP REQUEST POST https://cloudresourcemanager.googleapis.com/v1/projects/firereact-f2000:testIamPermissions  
 {"permissions":["firebase.projects.get"]}
[debug] [2020-09-08T19:46:38.246Z] <<< HTTP RESPONSE 200 {"content-type":"application/json; charset=UTF-8","vary":"X-Origin, Referer, Origin,Accept-Encoding","date":"Tue, 08 Sep 2020 19:46:36 GMT","server":"ESF","cache-control":"private","x-xss-protection":"0","x-frame-options":"SAMEORIGIN","x-content-type-options":"nosniff","server-timing":"gfet4t7; dur=567","alt-svc":"h3-29=\":443\"; ma=2592000,h3-27=\":443\"; ma=2592000,h3-T051=\":443\"; ma=2592000,h3-T050=\":443\"; ma=2592000,h3-Q050=\":443\"; ma=2592000,h3-Q046=\":443\"; ma=2592000,h3-Q043=\":443\"; ma=2592000,quic=\":443\"; ma=2592000; v=\"46,43\"","accept-ranges":"none","transfer-encoding":"chunked"}
[debug] [2020-09-08T19:46:38.247Z] >>> HTTP REQUEST GET https://firebase.googleapis.com/v1beta1/projects/firereact-f2000  
 
[debug] [2020-09-08T19:46:39.036Z] <<< HTTP RESPONSE 200 {"content-type":"application/json; charset=UTF-8","vary":"X-Origin, Referer, Origin,Accept-Encoding","date":"Tue, 08 Sep 2020 19:46:36 GMT","server":"ESF","cache-control":"private","x-xss-protection":"0","x-frame-options":"SAMEORIGIN","x-content-type-options":"nosniff","alt-svc":"h3-29=\":443\"; ma=2592000,h3-27=\":443\"; ma=2592000,h3-T051=\":443\"; ma=2592000,h3-T050=\":443\"; ma=2592000,h3-Q050=\":443\"; ma=2592000,h3-Q046=\":443\"; ma=2592000,h3-Q043=\":443\"; ma=2592000,quic=\":443\"; ma=2592000; v=\"46,43\"","accept-ranges":"none","transfer-encoding":"chunked"}
[info] 
[info] === Serving from 'C:\DevProjects\experimental-spirit\react-firebase-functions-tutorial'...
[info] 
[warn] !  Your requested "node" version "10" doesn't match your global version "14" {"metadata":{"emulator":{"name":"functions"},"message":"Your requested \"node\" version \"10\" doesn't match your global version \"14\""}}
[debug] [2020-09-08T19:46:39.075Z] defaultcredentials: writing to file C:\Users\Polaris\AppData\Roaming\firebase\dasomaru_gmail_com_application_default_credentials.json
[debug] [2020-09-08T19:46:39.077Z] Setting GAC to C:\Users\Polaris\AppData\Roaming\firebase\dasomaru_gmail_com_application_default_credentials.json {"metadata":{"emulator":{"name":"functions"},"message":"Setting GAC to C:\\Users\\Polaris\\AppData\\Roaming\\firebase\\dasomaru_gmail_com_application_default_credentials.json"}}
[info] i  functions: Watching "C:\DevProjects\experimental-spirit\react-firebase-functions-tutorial\functions" for Cloud Functions... {"metadata":{"emulator":{"name":"functions"},"message":"Watching \"C:\\DevProjects\\experimental-spirit\\react-firebase-functions-tutorial\\functions\" for Cloud Functions..."}}
[debug] [2020-09-08T19:46:39.114Z] [worker-pool] addWorker(~diagnostic~) {"metadata":{"emulator":{"name":"functions"},"message":"[worker-pool] addWorker(~diagnostic~)"}}
[debug] [2020-09-08T19:46:39.115Z] [worker-pool] Adding worker with key ~diagnostic~, total=1 {"metadata":{"emulator":{"name":"functions"},"message":"[worker-pool] Adding worker with key ~diagnostic~, total=1"}}
[debug] [2020-09-08T19:46:39.115Z] [worker-pool] submitWork(triggerId=) {"metadata":{"emulator":{"name":"functions"},"message":"[worker-pool] submitWork(triggerId=)"}}
[debug] [2020-09-08T19:46:39.115Z] [worker-~diagnostic~-c3a57ee1-866d-4c1a-853e-f73f07fd9709]: Assigning socketPath: \\?\pipe\C:\DevProjects\experimental-spirit\react-firebase-functions-tutorial\functions\11232 {"metadata":{"emulator":{"name":"functions"},"message":"[worker-~diagnostic~-c3a57ee1-866d-4c1a-853e-f73f07fd9709]: Assigning socketPath: \\\\?\\pipe\\C:\\DevProjects\\experimental-spirit\\react-firebase-functions-tutorial\\functions\\11232"}}
[debug] [2020-09-08T19:46:39.116Z] [worker-~diagnostic~-c3a57ee1-866d-4c1a-853e-f73f07fd9709]: BUSY {"metadata":{"emulator":{"name":"functions"},"message":"[worker-~diagnostic~-c3a57ee1-866d-4c1a-853e-f73f07fd9709]: BUSY"}}
[debug] [2020-09-08T19:46:39.586Z] [runtime-status] [11232] Functions runtime initialized. {"cwd":"C:\\DevProjects\\experimental-spirit\\react-firebase-functions-tutorial\\functions","node_version":"14.9.0"} {"metadata":{"emulator":{"name":"functions"},"message":"[runtime-status] [11232] Functions runtime initialized. {\"cwd\":\"C:\\\\DevProjects\\\\experimental-spirit\\\\react-firebase-functions-tutorial\\\\functions\",\"node_version\":\"14.9.0\"}"}}
[debug] [2020-09-08T19:46:39.587Z] [runtime-status] [11232] Disabled runtime features: undefined {"metadata":{"emulator":{"name":"functions"},"message":"[runtime-status] [11232] Disabled runtime features: undefined"}}
[debug] [2020-09-08T19:46:39.591Z] [runtime-status] [11232] Resolved module firebase-admin {"declared":true,"installed":true,"version":"8.13.0","resolution":"C:\\DevProjects\\experimental-spirit\\react-firebase-functions-tutorial\\functions\\node_modules\\firebase-admin\\lib\\index.js"} {"metadata":{"emulator":{"name":"functions"},"message":"[runtime-status] [11232] Resolved module firebase-admin {\"declared\":true,\"installed\":true,\"version\":\"8.13.0\",\"resolution\":\"C:\\\\DevProjects\\\\experimental-spirit\\\\react-firebase-functions-tutorial\\\\functions\\\\node_modules\\\\firebase-admin\\\\lib\\\\index.js\"}"}}
[debug] [2020-09-08T19:46:39.593Z] [runtime-status] [11232] Resolved module firebase-functions {"declared":true,"installed":true,"version":"3.11.0","resolution":"C:\\DevProjects\\experimental-spirit\\react-firebase-functions-tutorial\\functions\\node_modules\\firebase-functions\\lib\\index.js"} {"metadata":{"emulator":{"name":"functions"},"message":"[runtime-status] [11232] Resolved module firebase-functions {\"declared\":true,\"installed\":true,\"version\":\"3.11.0\",\"resolution\":\"C:\\\\DevProjects\\\\experimental-spirit\\\\react-firebase-functions-tutorial\\\\functions\\\\node_modules\\\\firebase-functions\\\\lib\\\\index.js\"}"}}
[debug] [2020-09-08T19:46:39.594Z] [runtime-status] [11232] Resolved module firebase-functions {"declared":true,"installed":true,"version":"3.11.0","resolution":"C:\\DevProjects\\experimental-spirit\\react-firebase-functions-tutorial\\functions\\node_modules\\firebase-functions\\lib\\index.js"} {"metadata":{"emulator":{"name":"functions"},"message":"[runtime-status] [11232] Resolved module firebase-functions {\"declared\":true,\"installed\":true,\"version\":\"3.11.0\",\"resolution\":\"C:\\\\DevProjects\\\\experimental-spirit\\\\react-firebase-functions-tutorial\\\\functions\\\\node_modules\\\\firebase-functions\\\\lib\\\\index.js\"}"}}
[debug] [2020-09-08T19:46:39.597Z] [runtime-status] [11232] Outgoing network have been stubbed. [{"name":"http","status":"mocked"},{"name":"http","status":"mocked"},{"name":"https","status":"mocked"},{"name":"https","status":"mocked"},{"name":"net","status":"mocked"}] {"metadata":{"emulator":{"name":"functions"},"message":"[runtime-status] [11232] Outgoing network have been stubbed. [{\"name\":\"http\",\"status\":\"mocked\"},{\"name\":\"http\",\"status\":\"mocked\"},{\"name\":\"https\",\"status\":\"mocked\"},{\"name\":\"https\",\"status\":\"mocked\"},{\"name\":\"net\",\"status\":\"mocked\"}]"}}
[debug] [2020-09-08T19:46:39.597Z] [runtime-status] [11232] Resolved module firebase-functions {"declared":true,"installed":true,"version":"3.11.0","resolution":"C:\\DevProjects\\experimental-spirit\\react-firebase-functions-tutorial\\functions\\node_modules\\firebase-functions\\lib\\index.js"} {"metadata":{"emulator":{"name":"functions"},"message":"[runtime-status] [11232] Resolved module firebase-functions {\"declared\":true,\"installed\":true,\"version\":\"3.11.0\",\"resolution\":\"C:\\\\DevProjects\\\\experimental-spirit\\\\react-firebase-functions-tutorial\\\\functions\\\\node_modules\\\\firebase-functions\\\\lib\\\\index.js\"}"}}
[debug] [2020-09-08T19:46:39.654Z] [runtime-status] [11232] Checked functions.config() {"config":{}} {"metadata":{"emulator":{"name":"functions"},"message":"[runtime-status] [11232] Checked functions.config() {\"config\":{}}"}}
[debug] [2020-09-08T19:46:39.655Z] [runtime-status] [11232] firebase-functions has been stubbed. {"functionsResolution":{"declared":true,"installed":true,"version":"3.11.0","resolution":"C:\\DevProjects\\experimental-spirit\\react-firebase-functions-tutorial\\functions\\node_modules\\firebase-functions\\lib\\index.js"}} {"metadata":{"emulator":{"name":"functions"},"message":"[runtime-status] [11232] firebase-functions has been stubbed. {\"functionsResolution\":{\"declared\":true,\"installed\":true,\"version\":\"3.11.0\",\"resolution\":\"C:\\\\DevProjects\\\\experimental-spirit\\\\react-firebase-functions-tutorial\\\\functions\\\\node_modules\\\\firebase-functions\\\\lib\\\\index.js\"}}"}}
[debug] [2020-09-08T19:46:39.655Z] [runtime-status] [11232] Resolved module firebase-functions {"declared":true,"installed":true,"version":"3.11.0","resolution":"C:\\DevProjects\\experimental-spirit\\react-firebase-functions-tutorial\\functions\\node_modules\\firebase-functions\\lib\\index.js"} {"metadata":{"emulator":{"name":"functions"},"message":"[runtime-status] [11232] Resolved module firebase-functions {\"declared\":true,\"installed\":true,\"version\":\"3.11.0\",\"resolution\":\"C:\\\\DevProjects\\\\experimental-spirit\\\\react-firebase-functions-tutorial\\\\functions\\\\node_modules\\\\firebase-functions\\\\lib\\\\index.js\"}"}}
[debug] [2020-09-08T19:46:39.656Z] [runtime-status] [11232] Resolved module firebase-admin {"declared":true,"installed":true,"version":"8.13.0","resolution":"C:\\DevProjects\\experimental-spirit\\react-firebase-functions-tutorial\\functions\\node_modules\\firebase-admin\\lib\\index.js"} {"metadata":{"emulator":{"name":"functions"},"message":"[runtime-status] [11232] Resolved module firebase-admin {\"declared\":true,\"installed\":true,\"version\":\"8.13.0\",\"resolution\":\"C:\\\\DevProjects\\\\experimental-spirit\\\\react-firebase-functions-tutorial\\\\functions\\\\node_modules\\\\firebase-admin\\\\lib\\\\index.js\"}"}}
[debug] [2020-09-08T19:46:39.657Z] [runtime-status] [11232] Resolved module firebase-functions {"declared":true,"installed":true,"version":"3.11.0","resolution":"C:\\DevProjects\\experimental-spirit\\react-firebase-functions-tutorial\\functions\\node_modules\\firebase-functions\\lib\\index.js"} {"metadata":{"emulator":{"name":"functions"},"message":"[runtime-status] [11232] Resolved module firebase-functions {\"declared\":true,\"installed\":true,\"version\":\"3.11.0\",\"resolution\":\"C:\\\\DevProjects\\\\experimental-spirit\\\\react-firebase-functions-tutorial\\\\functions\\\\node_modules\\\\firebase-functions\\\\lib\\\\index.js\"}"}}
[debug] [2020-09-08T19:46:39.657Z] [runtime-status] [11232] firebase-admin has been stubbed. {"adminResolution":{"declared":true,"installed":true,"version":"8.13.0","resolution":"C:\\DevProjects\\experimental-spirit\\react-firebase-functions-tutorial\\functions\\node_modules\\firebase-admin\\lib\\index.js"}} {"metadata":{"emulator":{"name":"functions"},"message":"[runtime-status] [11232] firebase-admin has been stubbed. {\"adminResolution\":{\"declared\":true,\"installed\":true,\"version\":\"8.13.0\",\"resolution\":\"C:\\\\DevProjects\\\\experimental-spirit\\\\react-firebase-functions-tutorial\\\\functions\\\\node_modules\\\\firebase-admin\\\\lib\\\\index.js\"}}"}}
[debug] [2020-09-08T19:46:39.792Z] [runtime-status] [11232] initializeApp(DEFAULT) {"databaseURL":"https://firereact-f2000.firebaseio.com","storageBucket":"firereact-f2000.appspot.com","projectId":"firereact-f2000"} {"metadata":{"emulator":{"name":"functions"},"message":"[runtime-status] [11232] initializeApp(DEFAULT) {\"databaseURL\":\"https://firereact-f2000.firebaseio.com\",\"storageBucket\":\"firereact-f2000.appspot.com\",\"projectId\":\"firereact-f2000\"}"}}
[warn] !  functions: The Cloud Firestore emulator is not running, so calls to Firestore will affect production. {"metadata":{"emulator":{"name":"functions"},"message":"The Cloud Firestore emulator is not running, so calls to Firestore will affect production."}}
[warn] !  Error: Cannot find module '../utils/config'
Require stack:
- C:\DevProjects\experimental-spirit\react-firebase-functions-tutorial\functions\handlers\users.js
- C:\DevProjects\experimental-spirit\react-firebase-functions-tutorial\functions\index.js
- C:\Users\Polaris\AppData\Roaming\npm\node_modules\firebase-tools\lib\emulator\functionsEmulatorRuntime.js
    at Function.Module._resolveFilename (internal/modules/cjs/loader.js:892:15)
    at Function.Module._load (internal/modules/cjs/loader.js:742:27)
    at Module.require (internal/modules/cjs/loader.js:964:19)
    at require (internal/modules/cjs/helpers.js:88:18)
    at Object.<anonymous> (C:\DevProjects\experimental-spirit\react-firebase-functions-tutorial\functions\handlers\users.js:2:16)
    at Module._compile (internal/modules/cjs/loader.js:1075:30)
    at Object.Module._extensions..js (internal/modules/cjs/loader.js:1096:10)
    at Module.load (internal/modules/cjs/loader.js:940:32)
    at Function.Module._load (internal/modules/cjs/loader.js:781:14)
    at Module.require (internal/modules/cjs/loader.js:964:19) {"metadata":{"emulator":{"name":"functions"},"message":"Error: Cannot find module '../utils/config'\nRequire stack:\n- C:\\DevProjects\\experimental-spirit\\react-firebase-functions-tutorial\\functions\\handlers\\users.js\n- C:\\DevProjects\\experimental-spirit\\react-firebase-functions-tutorial\\functions\\index.js\n- C:\\Users\\Polaris\\AppData\\Roaming\\npm\\node_modules\\firebase-tools\\lib\\emulator\\functionsEmulatorRuntime.js\n    at Function.Module._resolveFilename (internal/modules/cjs/loader.js:892:15)\n    at Function.Module._load (internal/modules/cjs/loader.js:742:27)\n    at Module.require (internal/modules/cjs/loader.js:964:19)\n    at require (internal/modules/cjs/helpers.js:88:18)\n    at Object.<anonymous> (C:\\DevProjects\\experimental-spirit\\react-firebase-functions-tutorial\\functions\\handlers\\users.js:2:16)\n    at Module._compile (internal/modules/cjs/loader.js:1075:30)\n    at Object.Module._extensions..js (internal/modules/cjs/loader.js:1096:10)\n    at Module.load (internal/modules/cjs/loader.js:940:32)\n    at Function.Module._load (internal/modules/cjs/loader.js:781:14)\n    at Module.require (internal/modules/cjs/loader.js:964:19)"}}
[warn] !  We were unable to load your functions code. (see above) {"metadata":{"emulator":{"name":"functions"}}}
[debug] [2020-09-08T19:46:40.185Z] [worker-~diagnostic~-c3a57ee1-866d-4c1a-853e-f73f07fd9709]: exited {"metadata":{"emulator":{"name":"functions"},"message":"[worker-~diagnostic~-c3a57ee1-866d-4c1a-853e-f73f07fd9709]: exited"}}
[debug] [2020-09-08T19:46:40.185Z] [worker-~diagnostic~-c3a57ee1-866d-4c1a-853e-f73f07fd9709]: FINISHED {"metadata":{"emulator":{"name":"functions"},"message":"[worker-~diagnostic~-c3a57ee1-866d-4c1a-853e-f73f07fd9709]: FINISHED"}}
[debug] [2020-09-08T19:46:44.135Z] [work-queue] {"queueLength":1,"workRunningCount":0}
[debug] [2020-09-08T19:46:44.136Z] [work-queue] {"queueLength":0,"workRunningCount":1}
[debug] [2020-09-08T19:46:44.138Z] FirebaseError: No trigger with name api {"metadata":{"emulator":{"name":"functions"},"message":{"name":"FirebaseError","children":[],"exit":1,"message":"No trigger with name api","status":500}}}
[debug] [2020-09-08T19:46:44.139Z] [work-queue] {"queueLength":0,"workRunningCount":0}
[debug] [2020-09-08T19:47:46.865Z] [work-queue] {"queueLength":1,"workRunningCount":0}
[debug] [2020-09-08T19:47:46.866Z] [work-queue] {"queueLength":0,"workRunningCount":1}
[debug] [2020-09-08T19:47:46.866Z] FirebaseError: No trigger with name api {"metadata":{"emulator":{"name":"functions"},"message":{"name":"FirebaseError","children":[],"exit":1,"message":"No trigger with name api","status":500}}}
[debug] [2020-09-08T19:47:46.867Z] [work-queue] {"queueLength":0,"workRunningCount":0}
